{"name": "test_register_user", "status": "failed", "statusDetails": {"message": "selene.core.exceptions.TimeoutException: Message: \n\nTimed out after 4s, while waiting for:\nbrowser.element(('css selector', '.signup-form')).has text New User Signup!\n\nReason: NoSuchElementException: Message: no such element: Unable to locate element: {\"method\":\"css selector\",\"selector\":\".signup-form\"}\n  (Session info: chrome=111.0.5563.110)\nStacktrace:\n0   chromedriver                        0x00000001008a6d3c chromedriver + 4222268\n1   chromedriver                        0x000000010082d8e8 chromedriver + 3725544\n2   chromedriver                        0x00000001004e3da4 chromedriver + 277924\n3   chromedriver                        0x000000010051f1b8 chromedriver + 520632\n4   chromedriver                        0x0000000100557618 chromedriver + 751128\n5   chromedriver                        0x00000001005118f0 chromedriver + 465136\n6   chromedriver                        0x0000000100512974 chromedriver + 469364\n7   chromedriver                        0x0000000100877788 chromedriver + 4028296\n8   chromedriver                        0x000000010087bc1c chromedriver + 4045852\n9   chromedriver                        0x0000000100881c98 chromedriver + 4070552\n10  chromedriver                        0x000000010087c8d8 chromedriver + 4049112\n11  chromedriver                        0x0000000100853d84 chromedriver + 3882372\n12  chromedriver                        0x000000010089a720 chromedriver + 4171552\n13  chromedriver                        0x000000010089a878 chromedriver + 4171896\n14  chromedriver                        0x00000001008ae014 chromedriver + 4251668\n15  libsystem_pthread.dylib             0x00000001a8ad3fa8 _pthread_start + 148\n16  libsystem_pthread.dylib             0x00000001a8aceda0 thread_start + 8\n\nScreenshot: file:///Users/r/.selene/screenshots/1685800336148/1685800336148.png\nPageSource: file:///Users/r/.selene/screenshots/1685800336148/1685800336148.html", "trace": "fn = <selene.core.conditions.ElementCondition object at 0x1072803d0>\n\n    def logic(fn: Callable[[E], R]) -> R:\n        finish_time = time.time() + self._timeout\n    \n        while True:\n            try:\n>               return fn(self.entity)\n\n../venv/lib/python3.11/site-packages/selene/core/wait.py:119: \n_ _ _ _ _ _ _ _ _ _ _ _ _ _ _ _ _ _ _ _ _ _ _ _ _ _ _ _ _ _ _ _ _ _ _ _ _ _ _ _ \n\nself = <selene.core.conditions.ElementCondition object at 0x1072803d0>\nentity = <selene.core.entity.Element object at 0x107280e10>\n\n    def __call__(self, entity: E) -> None:\n>       return self._fn(entity)\n\n../venv/lib/python3.11/site-packages/selene/core/condition.py:173: \n_ _ _ _ _ _ _ _ _ _ _ _ _ _ _ _ _ _ _ _ _ _ _ _ _ _ _ _ _ _ _ _ _ _ _ _ _ _ _ _ \n\nentity = <selene.core.entity.Element object at 0x107280e10>\n\n    def fn(entity: E) -> None:\n        query_to_str = str(query)\n        result = (\n            query.__name__ if query_to_str.startswith('<function') else query_to_str\n        )\n>       actual = query(entity)\n\n../venv/lib/python3.11/site-packages/selene/core/condition.py:144: \n_ _ _ _ _ _ _ _ _ _ _ _ _ _ _ _ _ _ _ _ _ _ _ _ _ _ _ _ _ _ _ _ _ _ _ _ _ _ _ _ \n\nself = <selene.core.wait.Query object at 0x107033610>\nentity = <selene.core.entity.Element object at 0x107280e10>\n\n    def __call__(self, entity: E) -> R:\n>       return self._fn(entity)\n\n../venv/lib/python3.11/site-packages/selene/core/wait.py:61: \n_ _ _ _ _ _ _ _ _ _ _ _ _ _ _ _ _ _ _ _ _ _ _ _ _ _ _ _ _ _ _ _ _ _ _ _ _ _ _ _ \n\nelement = <selene.core.entity.Element object at 0x107280e10>\n\n>   text: Query[Element, str] = Query('text', lambda element: element().text)\n\n../venv/lib/python3.11/site-packages/selene/core/query.py:54: \n_ _ _ _ _ _ _ _ _ _ _ _ _ _ _ _ _ _ _ _ _ _ _ _ _ _ _ _ _ _ _ _ _ _ _ _ _ _ _ _ \n\nself = <selene.core.entity.Element object at 0x107280e10>\n\n    def __call__(self) -> WebElement:\n>       return self.locate()\n\n../venv/lib/python3.11/site-packages/selene/core/entity.py:196: \n_ _ _ _ _ _ _ _ _ _ _ _ _ _ _ _ _ _ _ _ _ _ _ _ _ _ _ _ _ _ _ _ _ _ _ _ _ _ _ _ \n\nself = <selene.core.entity.Element object at 0x107280e10>\n\n    def locate(self) -> WebElement:\n>       return self._locator()\n\n../venv/lib/python3.11/site-packages/selene/core/entity.py:189: \n_ _ _ _ _ _ _ _ _ _ _ _ _ _ _ _ _ _ _ _ _ _ _ _ _ _ _ _ _ _ _ _ _ _ _ _ _ _ _ _ \n\nself = <selene.core.locator.Locator object at 0x10695e450>\n\n    def __call__(self) -> T:\n>       return self._locate()\n\n../venv/lib/python3.11/site-packages/selene/core/locator.py:34: \n_ _ _ _ _ _ _ _ _ _ _ _ _ _ _ _ _ _ _ _ _ _ _ _ _ _ _ _ _ _ _ _ _ _ _ _ _ _ _ _ \n\n>       Locator(f'{self}.element({by})', lambda: self.driver.find_element(*by)),\n        self.config,\n    )\n\n../venv/lib/python3.11/site-packages/selene/core/entity.py:1132: \n_ _ _ _ _ _ _ _ _ _ _ _ _ _ _ _ _ _ _ _ _ _ _ _ _ _ _ _ _ _ _ _ _ _ _ _ _ _ _ _ \n\nself = <selenium.webdriver.chrome.webdriver.WebDriver (session=\"887512a73747cf0f07af3a6007b5ca5e\")>\nby = 'css selector', value = '.signup-form'\n\n    def find_element(self, by=By.ID, value: Optional[str] = None) -> WebElement:\n        \"\"\"Find an element given a By strategy and locator.\n    \n        :Usage:\n            ::\n    \n                element = driver.find_element(By.ID, 'foo')\n    \n        :rtype: WebElement\n        \"\"\"\n        if isinstance(by, RelativeBy):\n            elements = self.find_elements(by=by, value=value)\n            if not elements:\n                raise NoSuchElementException(f\"Cannot locate relative element with: {by.root}\")\n            return elements[0]\n    \n        if by == By.ID:\n            by = By.CSS_SELECTOR\n            value = f'[id=\"{value}\"]'\n        elif by == By.CLASS_NAME:\n            by = By.CSS_SELECTOR\n            value = f\".{value}\"\n        elif by == By.NAME:\n            by = By.CSS_SELECTOR\n            value = f'[name=\"{value}\"]'\n    \n>       return self.execute(Command.FIND_ELEMENT, {\"using\": by, \"value\": value})[\"value\"]\n\n../venv/lib/python3.11/site-packages/selenium/webdriver/remote/webdriver.py:831: \n_ _ _ _ _ _ _ _ _ _ _ _ _ _ _ _ _ _ _ _ _ _ _ _ _ _ _ _ _ _ _ _ _ _ _ _ _ _ _ _ \n\nself = <selenium.webdriver.chrome.webdriver.WebDriver (session=\"887512a73747cf0f07af3a6007b5ca5e\")>\ndriver_command = 'findElement'\nparams = {'using': 'css selector', 'value': '.signup-form'}\n\n    def execute(self, driver_command: str, params: dict = None) -> dict:\n        \"\"\"Sends a command to be executed by a command.CommandExecutor.\n    \n        :Args:\n         - driver_command: The name of the command to execute as a string.\n         - params: A dictionary of named parameters to send with the command.\n    \n        :Returns:\n          The command's JSON response loaded into a dictionary object.\n        \"\"\"\n        params = self._wrap_value(params)\n    \n        if self.session_id:\n            if not params:\n                params = {\"sessionId\": self.session_id}\n            elif \"sessionId\" not in params:\n                params[\"sessionId\"] = self.session_id\n    \n        response = self.command_executor.execute(driver_command, params)\n        if response:\n>           self.error_handler.check_response(response)\n\n../venv/lib/python3.11/site-packages/selenium/webdriver/remote/webdriver.py:440: \n_ _ _ _ _ _ _ _ _ _ _ _ _ _ _ _ _ _ _ _ _ _ _ _ _ _ _ _ _ _ _ _ _ _ _ _ _ _ _ _ \n\nself = <selenium.webdriver.remote.errorhandler.ErrorHandler object at 0x1067fb450>\nresponse = {'status': 404, 'value': '{\"value\":{\"error\":\"no such element\",\"message\":\"no such element: Unable to locate element: {\\...0001a8ad3fa8 _pthread_start + 148\\\\n16  libsystem_pthread.dylib             0x00000001a8aceda0 thread_start + 8\\\\n\"}}'}\n\n    def check_response(self, response: Dict[str, Any]) -> None:\n        \"\"\"Checks that a JSON response from the WebDriver does not have an\n        error.\n    \n        :Args:\n         - response - The JSON response from the WebDriver server as a dictionary\n           object.\n    \n        :Raises: If the response contains an error message.\n        \"\"\"\n        status = response.get(\"status\", None)\n        if not status or status == ErrorCode.SUCCESS:\n            return\n        value = None\n        message = response.get(\"message\", \"\")\n        screen: str = response.get(\"screen\", \"\")\n        stacktrace = None\n        if isinstance(status, int):\n            value_json = response.get(\"value\", None)\n            if value_json and isinstance(value_json, str):\n                import json\n    \n                try:\n                    value = json.loads(value_json)\n                    if len(value) == 1:\n                        value = value[\"value\"]\n                    status = value.get(\"error\", None)\n                    if not status:\n                        status = value.get(\"status\", ErrorCode.UNKNOWN_ERROR)\n                        message = value.get(\"value\") or value.get(\"message\")\n                        if not isinstance(message, str):\n                            value = message\n                            message = message.get(\"message\")\n                    else:\n                        message = value.get(\"message\", None)\n                except ValueError:\n                    pass\n    \n        exception_class: Type[WebDriverException]\n        if status in ErrorCode.NO_SUCH_ELEMENT:\n            exception_class = NoSuchElementException\n        elif status in ErrorCode.NO_SUCH_FRAME:\n            exception_class = NoSuchFrameException\n        elif status in ErrorCode.NO_SUCH_SHADOW_ROOT:\n            exception_class = NoSuchShadowRootException\n        elif status in ErrorCode.NO_SUCH_WINDOW:\n            exception_class = NoSuchWindowException\n        elif status in ErrorCode.STALE_ELEMENT_REFERENCE:\n            exception_class = StaleElementReferenceException\n        elif status in ErrorCode.ELEMENT_NOT_VISIBLE:\n            exception_class = ElementNotVisibleException\n        elif status in ErrorCode.INVALID_ELEMENT_STATE:\n            exception_class = InvalidElementStateException\n        elif (\n            status in ErrorCode.INVALID_SELECTOR\n            or status in ErrorCode.INVALID_XPATH_SELECTOR\n            or status in ErrorCode.INVALID_XPATH_SELECTOR_RETURN_TYPER\n        ):\n            exception_class = InvalidSelectorException\n        elif status in ErrorCode.ELEMENT_IS_NOT_SELECTABLE:\n            exception_class = ElementNotSelectableException\n        elif status in ErrorCode.ELEMENT_NOT_INTERACTABLE:\n            exception_class = ElementNotInteractableException\n        elif status in ErrorCode.INVALID_COOKIE_DOMAIN:\n            exception_class = InvalidCookieDomainException\n        elif status in ErrorCode.UNABLE_TO_SET_COOKIE:\n            exception_class = UnableToSetCookieException\n        elif status in ErrorCode.TIMEOUT:\n            exception_class = TimeoutException\n        elif status in ErrorCode.SCRIPT_TIMEOUT:\n            exception_class = TimeoutException\n        elif status in ErrorCode.UNKNOWN_ERROR:\n            exception_class = WebDriverException\n        elif status in ErrorCode.UNEXPECTED_ALERT_OPEN:\n            exception_class = UnexpectedAlertPresentException\n        elif status in ErrorCode.NO_ALERT_OPEN:\n            exception_class = NoAlertPresentException\n        elif status in ErrorCode.IME_NOT_AVAILABLE:\n            exception_class = ImeNotAvailableException\n        elif status in ErrorCode.IME_ENGINE_ACTIVATION_FAILED:\n            exception_class = ImeActivationFailedException\n        elif status in ErrorCode.MOVE_TARGET_OUT_OF_BOUNDS:\n            exception_class = MoveTargetOutOfBoundsException\n        elif status in ErrorCode.JAVASCRIPT_ERROR:\n            exception_class = JavascriptException\n        elif status in ErrorCode.SESSION_NOT_CREATED:\n            exception_class = SessionNotCreatedException\n        elif status in ErrorCode.INVALID_ARGUMENT:\n            exception_class = InvalidArgumentException\n        elif status in ErrorCode.NO_SUCH_COOKIE:\n            exception_class = NoSuchCookieException\n        elif status in ErrorCode.UNABLE_TO_CAPTURE_SCREEN:\n            exception_class = ScreenshotException\n        elif status in ErrorCode.ELEMENT_CLICK_INTERCEPTED:\n            exception_class = ElementClickInterceptedException\n        elif status in ErrorCode.INSECURE_CERTIFICATE:\n            exception_class = InsecureCertificateException\n        elif status in ErrorCode.INVALID_COORDINATES:\n            exception_class = InvalidCoordinatesException\n        elif status in ErrorCode.INVALID_SESSION_ID:\n            exception_class = InvalidSessionIdException\n        elif status in ErrorCode.UNKNOWN_METHOD:\n            exception_class = UnknownMethodException\n        else:\n            exception_class = WebDriverException\n        if not value:\n            value = response[\"value\"]\n        if isinstance(value, str):\n            raise exception_class(value)\n        if message == \"\" and \"message\" in value:\n            message = value[\"message\"]\n    \n        screen = None  # type: ignore[assignment]\n        if \"screen\" in value:\n            screen = value[\"screen\"]\n    \n        stacktrace = None\n        st_value = value.get(\"stackTrace\") or value.get(\"stacktrace\")\n        if st_value:\n            if isinstance(st_value, str):\n                stacktrace = st_value.split(\"\\n\")\n            else:\n                stacktrace = []\n                try:\n                    for frame in st_value:\n                        line = frame.get(\"lineNumber\", \"\")\n                        file = frame.get(\"fileName\", \"<anonymous>\")\n                        if line:\n                            file = f\"{file}:{line}\"\n                        meth = frame.get(\"methodName\", \"<anonymous>\")\n                        if \"className\" in frame:\n                            meth = f\"{frame['className']}.{meth}\"\n                        msg = \"    at %s (%s)\"\n                        msg = msg % (meth, file)\n                        stacktrace.append(msg)\n                except TypeError:\n                    pass\n        if exception_class == UnexpectedAlertPresentException:\n            alert_text = None\n            if \"data\" in value:\n                alert_text = value[\"data\"].get(\"text\")\n            elif \"alert\" in value:\n                alert_text = value[\"alert\"].get(\"text\")\n            raise exception_class(message, screen, stacktrace, alert_text)  # type: ignore[call-arg]  # mypy is not smart enough here\n>       raise exception_class(message, screen, stacktrace)\nE       selenium.common.exceptions.NoSuchElementException: Message: no such element: Unable to locate element: {\"method\":\"css selector\",\"selector\":\".signup-form\"}\nE         (Session info: chrome=111.0.5563.110)\nE       Stacktrace:\nE       0   chromedriver                        0x00000001008a6d3c chromedriver + 4222268\nE       1   chromedriver                        0x000000010082d8e8 chromedriver + 3725544\nE       2   chromedriver                        0x00000001004e3da4 chromedriver + 277924\nE       3   chromedriver                        0x000000010051f1b8 chromedriver + 520632\nE       4   chromedriver                        0x0000000100557618 chromedriver + 751128\nE       5   chromedriver                        0x00000001005118f0 chromedriver + 465136\nE       6   chromedriver                        0x0000000100512974 chromedriver + 469364\nE       7   chromedriver                        0x0000000100877788 chromedriver + 4028296\nE       8   chromedriver                        0x000000010087bc1c chromedriver + 4045852\nE       9   chromedriver                        0x0000000100881c98 chromedriver + 4070552\nE       10  chromedriver                        0x000000010087c8d8 chromedriver + 4049112\nE       11  chromedriver                        0x0000000100853d84 chromedriver + 3882372\nE       12  chromedriver                        0x000000010089a720 chromedriver + 4171552\nE       13  chromedriver                        0x000000010089a878 chromedriver + 4171896\nE       14  chromedriver                        0x00000001008ae014 chromedriver + 4251668\nE       15  libsystem_pthread.dylib             0x00000001a8ad3fa8 _pthread_start + 148\nE       16  libsystem_pthread.dylib             0x00000001a8aceda0 thread_start + 8\n\n../venv/lib/python3.11/site-packages/selenium/webdriver/remote/errorhandler.py:245: NoSuchElementException\n\nDuring handling of the above exception, another exception occurred:\n\n    @allure.tag('Test Case 1')\n    @allure.description(\"Register User\")\n    @allure.severity(Severity.CRITICAL)\n    @allure.label('owner', 'mr spock')\n    @allure.link(URL, name='Testing')\n    def test_register_user():\n        user_signup = UserSignUp()\n    \n        user_signup.open()\n>       user_signup.signup_new_user(admin)\n\ntest_register_user.py:18: \n_ _ _ _ _ _ _ _ _ _ _ _ _ _ _ _ _ _ _ _ _ _ _ _ _ _ _ _ _ _ _ _ _ _ _ _ _ _ _ _ \n../page_objects/registration_page.py:39: in signup_new_user\n    self.should_be_visible_signup_form()\n../page_objects/registration_page.py:23: in should_be_visible_signup_form\n    browser.element('.signup-form').should(have.text('New User Signup!'))\n../venv/lib/python3.11/site-packages/selene/core/entity.py:136: in should\n    self.wait.for_(condition)\n../venv/lib/python3.11/site-packages/selene/core/wait.py:143: in for_\n    return self._decorator(self)(logic)(fn)\n_ _ _ _ _ _ _ _ _ _ _ _ _ _ _ _ _ _ _ _ _ _ _ _ _ _ _ _ _ _ _ _ _ _ _ _ _ _ _ _ \n\nfn = <selene.core.conditions.ElementCondition object at 0x1072803d0>\n\n    def logic(fn: Callable[[E], R]) -> R:\n        finish_time = time.time() + self._timeout\n    \n        while True:\n            try:\n                return fn(self.entity)\n            except Exception as reason:\n                if time.time() > finish_time:\n                    reason_message = str(reason)\n    \n                    reason_string = '{name}: {message}'.format(\n                        name=reason.__class__.__name__,\n                        message=reason_message,\n                    )\n                    # TODO: think on how can we improve logging failures in selene, e.g. reverse msg and stacktrace\n                    # stacktrace = getattr(reason, 'stacktrace', None)\n                    timeout = self._timeout\n                    entity = self.entity\n    \n                    failure = TimeoutException(\n                        f'\\n'\n                        f'\\nTimed out after {timeout}s, while waiting for:'\n                        f'\\n{entity}.{fn}'\n                        f'\\n'\n                        f'\\nReason: {reason_string}'\n                    )\n    \n>                   raise self._hook_failure(failure)\nE                   selene.core.exceptions.TimeoutException: Message: \nE                   \nE                   Timed out after 4s, while waiting for:\nE                   browser.element(('css selector', '.signup-form')).has text New User Signup!\nE                   \nE                   Reason: NoSuchElementException: Message: no such element: Unable to locate element: {\"method\":\"css selector\",\"selector\":\".signup-form\"}\nE                     (Session info: chrome=111.0.5563.110)\nE                   Stacktrace:\nE                   0   chromedriver                        0x00000001008a6d3c chromedriver + 4222268\nE                   1   chromedriver                        0x000000010082d8e8 chromedriver + 3725544\nE                   2   chromedriver                        0x00000001004e3da4 chromedriver + 277924\nE                   3   chromedriver                        0x000000010051f1b8 chromedriver + 520632\nE                   4   chromedriver                        0x0000000100557618 chromedriver + 751128\nE                   5   chromedriver                        0x00000001005118f0 chromedriver + 465136\nE                   6   chromedriver                        0x0000000100512974 chromedriver + 469364\nE                   7   chromedriver                        0x0000000100877788 chromedriver + 4028296\nE                   8   chromedriver                        0x000000010087bc1c chromedriver + 4045852\nE                   9   chromedriver                        0x0000000100881c98 chromedriver + 4070552\nE                   10  chromedriver                        0x000000010087c8d8 chromedriver + 4049112\nE                   11  chromedriver                        0x0000000100853d84 chromedriver + 3882372\nE                   12  chromedriver                        0x000000010089a720 chromedriver + 4171552\nE                   13  chromedriver                        0x000000010089a878 chromedriver + 4171896\nE                   14  chromedriver                        0x00000001008ae014 chromedriver + 4251668\nE                   15  libsystem_pthread.dylib             0x00000001a8ad3fa8 _pthread_start + 148\nE                   16  libsystem_pthread.dylib             0x00000001a8aceda0 thread_start + 8\nE                   \nE                   Screenshot: file:///Users/r/.selene/screenshots/1685800336148/1685800336148.png\nE                   PageSource: file:///Users/r/.selene/screenshots/1685800336148/1685800336148.html\n\n../venv/lib/python3.11/site-packages/selene/core/wait.py:141: TimeoutException"}, "description": "Register User", "steps": [{"name": "Opening the home page.", "status": "passed", "start": 1685800336153, "stop": 1685800341969}, {"name": "Signing up a new user.", "status": "failed", "statusDetails": {"message": "selene.core.exceptions.TimeoutException: Message: \n\nTimed out after 4s, while waiting for:\nbrowser.element(('css selector', '.signup-form')).has text New User Signup!\n\nReason: NoSuchElementException: Message: no such element: Unable to locate element: {\"method\":\"css selector\",\"selector\":\".signup-form\"}\n  (Session info: chrome=111.0.5563.110)\nStacktrace:\n0   chromedriver                        0x00000001008a6d3c chromedriver + 4222268\n1   chromedriver                        0x000000010082d8e8 chromedriver + 3725544\n2   chromedriver                        0x00000001004e3da4 chromedriver + 277924\n3   chromedriver                        0x000000010051f1b8 chromedriver + 520632\n4   chromedriver                        0x0000000100557618 chromedriver + 751128\n5   chromedriver                        0x00000001005118f0 chromedriver + 465136\n6   chromedriver                        0x0000000100512974 chromedriver + 469364\n7   chromedriver                        0x0000000100877788 chromedriver + 4028296\n8   chromedriver                        0x000000010087bc1c chromedriver + 4045852\n9   chromedriver                        0x0000000100881c98 chromedriver + 4070552\n10  chromedriver                        0x000000010087c8d8 chromedriver + 4049112\n11  chromedriver                        0x0000000100853d84 chromedriver + 3882372\n12  chromedriver                        0x000000010089a720 chromedriver + 4171552\n13  chromedriver                        0x000000010089a878 chromedriver + 4171896\n14  chromedriver                        0x00000001008ae014 chromedriver + 4251668\n15  libsystem_pthread.dylib             0x00000001a8ad3fa8 _pthread_start + 148\n16  libsystem_pthread.dylib             0x00000001a8aceda0 thread_start + 8\n\nScreenshot: file:///Users/r/.selene/screenshots/1685800336148/1685800336148.png\nPageSource: file:///Users/r/.selene/screenshots/1685800336148/1685800336148.html\n\n", "trace": "  File \"/Users/r/PycharmProjects/qa_guru_python_5_16/venv/lib/python3.11/site-packages/allure_commons/_allure.py\", line 192, in impl\n    return func(*a, **kw)\n           ^^^^^^^^^^^^^^\n  File \"/Users/r/PycharmProjects/qa_guru_python_5_16/page_objects/registration_page.py\", line 39, in signup_new_user\n    self.should_be_visible_signup_form()\n  File \"/Users/r/PycharmProjects/qa_guru_python_5_16/venv/lib/python3.11/site-packages/allure_commons/_allure.py\", line 192, in impl\n    return func(*a, **kw)\n           ^^^^^^^^^^^^^^\n  File \"/Users/r/PycharmProjects/qa_guru_python_5_16/page_objects/registration_page.py\", line 23, in should_be_visible_signup_form\n    browser.element('.signup-form').should(have.text('New User Signup!'))\n  File \"/Users/r/PycharmProjects/qa_guru_python_5_16/venv/lib/python3.11/site-packages/selene/core/entity.py\", line 136, in should\n    self.wait.for_(condition)\n  File \"/Users/r/PycharmProjects/qa_guru_python_5_16/venv/lib/python3.11/site-packages/selene/core/wait.py\", line 143, in for_\n    return self._decorator(self)(logic)(fn)\n           ^^^^^^^^^^^^^^^^^^^^^^^^^^^^^^^^\n  File \"/Users/r/PycharmProjects/qa_guru_python_5_16/venv/lib/python3.11/site-packages/selene/core/wait.py\", line 141, in logic\n    raise self._hook_failure(failure)\n"}, "steps": [{"name": "Checking if the signup form is visible.", "status": "failed", "statusDetails": {"message": "selene.core.exceptions.TimeoutException: Message: \n\nTimed out after 4s, while waiting for:\nbrowser.element(('css selector', '.signup-form')).has text New User Signup!\n\nReason: NoSuchElementException: Message: no such element: Unable to locate element: {\"method\":\"css selector\",\"selector\":\".signup-form\"}\n  (Session info: chrome=111.0.5563.110)\nStacktrace:\n0   chromedriver                        0x00000001008a6d3c chromedriver + 4222268\n1   chromedriver                        0x000000010082d8e8 chromedriver + 3725544\n2   chromedriver                        0x00000001004e3da4 chromedriver + 277924\n3   chromedriver                        0x000000010051f1b8 chromedriver + 520632\n4   chromedriver                        0x0000000100557618 chromedriver + 751128\n5   chromedriver                        0x00000001005118f0 chromedriver + 465136\n6   chromedriver                        0x0000000100512974 chromedriver + 469364\n7   chromedriver                        0x0000000100877788 chromedriver + 4028296\n8   chromedriver                        0x000000010087bc1c chromedriver + 4045852\n9   chromedriver                        0x0000000100881c98 chromedriver + 4070552\n10  chromedriver                        0x000000010087c8d8 chromedriver + 4049112\n11  chromedriver                        0x0000000100853d84 chromedriver + 3882372\n12  chromedriver                        0x000000010089a720 chromedriver + 4171552\n13  chromedriver                        0x000000010089a878 chromedriver + 4171896\n14  chromedriver                        0x00000001008ae014 chromedriver + 4251668\n15  libsystem_pthread.dylib             0x00000001a8ad3fa8 _pthread_start + 148\n16  libsystem_pthread.dylib             0x00000001a8aceda0 thread_start + 8\n\nScreenshot: file:///Users/r/.selene/screenshots/1685800336148/1685800336148.png\nPageSource: file:///Users/r/.selene/screenshots/1685800336148/1685800336148.html\n\n", "trace": "  File \"/Users/r/PycharmProjects/qa_guru_python_5_16/venv/lib/python3.11/site-packages/allure_commons/_allure.py\", line 192, in impl\n    return func(*a, **kw)\n           ^^^^^^^^^^^^^^\n  File \"/Users/r/PycharmProjects/qa_guru_python_5_16/page_objects/registration_page.py\", line 23, in should_be_visible_signup_form\n    browser.element('.signup-form').should(have.text('New User Signup!'))\n  File \"/Users/r/PycharmProjects/qa_guru_python_5_16/venv/lib/python3.11/site-packages/selene/core/entity.py\", line 136, in should\n    self.wait.for_(condition)\n  File \"/Users/r/PycharmProjects/qa_guru_python_5_16/venv/lib/python3.11/site-packages/selene/core/wait.py\", line 143, in for_\n    return self._decorator(self)(logic)(fn)\n           ^^^^^^^^^^^^^^^^^^^^^^^^^^^^^^^^\n  File \"/Users/r/PycharmProjects/qa_guru_python_5_16/venv/lib/python3.11/site-packages/selene/core/wait.py\", line 141, in logic\n    raise self._hook_failure(failure)\n"}, "start": 1685800341970, "stop": 1685800346433}], "parameters": [{"name": "admin", "value": "User(login='mrspock', email='mrspock18@enterprise.com', password='aloha', date_of_birth=['13', '5', '1985'], first_name='Mr', last_name='Spock', company='Enterprise', address='Market street 13', country='Australia', state='NSW', city='Sydney', zip_code='2000', mobile_number='045678901')"}], "start": 1685800341970, "stop": 1685800346436}], "start": 1685800336153, "stop": 1685800346436, "uuid": "aad8cd9a-ce93-4f96-8a9d-c7f4b99c005b", "historyId": "8304aa67eff8a6570991e487682940a7", "testCaseId": "8304aa67eff8a6570991e487682940a7", "fullName": "tests.test_register_user#test_register_user", "labels": [{"name": "severity", "value": "critical"}, {"name": "owner", "value": "mr spock"}, {"name": "tag", "value": "Test Case 1"}, {"name": "parentSuite", "value": "tests"}, {"name": "suite", "value": "test_register_user"}, {"name": "host", "value": "mrs-MacBook-Air.local"}, {"name": "thread", "value": "39598-MainThread"}, {"name": "framework", "value": "pytest"}, {"name": "language", "value": "cpython3"}, {"name": "package", "value": "tests.test_register_user"}], "links": [{"type": "link", "url": "https://automationexercise.com", "name": "Testing"}]}